  jser.cpp
C:\Users\elikk\Desktop\Assignment1\SPLFLIX\include\Session.h(31,16): error C3646: 'command': unknown override specifier
C:\Users\elikk\Desktop\Assignment1\SPLFLIX\include\Session.h(31,16): error C4430: missing type specifier - int assumed. Note: C++ does not support default-int
C:\Users\elikk\Desktop\Assignment1\SPLFLIX\include\User.h(40,44): error C2061: syntax error: identifier 'string'
C:\Users\elikk\Desktop\Assignment1\SPLFLIX\include\User.h(48,44): error C2061: syntax error: identifier 'string'
C:\Users\elikk\Desktop\Assignment1\SPLFLIX\include\User.h(57,44): error C2061: syntax error: identifier 'string'
C:\Users\elikk\Desktop\Assignment1\SPLFLIX\jser.cpp(13,18): error C2061: syntax error: identifier 'json'
C:\Users\elikk\Desktop\Assignment1\SPLFLIX\jser.cpp(18,2): error C2065: 'json': undeclared identifier
C:\Users\elikk\Desktop\Assignment1\SPLFLIX\jser.cpp(18,7): error C2146: syntax error: missing ';' before identifier 'j'
C:\Users\elikk\Desktop\Assignment1\SPLFLIX\jser.cpp(18,7): error C2065: 'j': undeclared identifier
C:\Users\elikk\Desktop\Assignment1\SPLFLIX\jser.cpp(20,7): error C2065: 'j': undeclared identifier
C:\Users\elikk\Desktop\Assignment1\SPLFLIX\jser.cpp(22,13): error C2065: 'j': undeclared identifier
C:\Users\elikk\Desktop\Assignment1\SPLFLIX\jser.cpp(24,17): error C2065: 'j': undeclared identifier
C:\Users\elikk\Desktop\Assignment1\SPLFLIX\jser.cpp(26,17): error C2065: 'x': undeclared identifier
C:\Users\elikk\Desktop\Assignment1\SPLFLIX\jser.cpp(27,11): error C2065: 'x': undeclared identifier
C:\Users\elikk\Desktop\Assignment1\SPLFLIX\jser.cpp(31,19): error C2065: 'x': undeclared identifier
C:\Users\elikk\Desktop\Assignment1\SPLFLIX\jser.cpp(32,19): error C2065: 'tag': undeclared identifier
  Action.cpp
C:\Users\elikk\Desktop\Assignment1\SPLFLIX\jser.cpp(34,21): warning C4018: '<': signed/unsigned mismatch
C:\Users\elikk\Desktop\Assignment1\SPLFLIX\include\Session.h(31,16): error C3646: 'command': unknown override specifier
C:\Users\elikk\Desktop\Assignment1\SPLFLIX\include\Session.h(31,16): error C4430: missing type specifier - int assumed. Note: C++ does not support default-int
C:\Users\elikk\Desktop\Assignment1\SPLFLIX\include\User.h(40,44): error C2061: syntax error: identifier 'string'
C:\Users\elikk\Desktop\Assignment1\SPLFLIX\include\User.h(48,44): error C2061: syntax error: identifier 'string'
C:\Users\elikk\Desktop\Assignment1\SPLFLIX\include\User.h(57,44): error C2061: syntax error: identifier 'string'
C:\Users\elikk\Desktop\Assignment1\SPLFLIX\source\Action.cpp(5,10): warning C4067: unexpected tokens following preprocessor directive - expected a newline
C:\Users\elikk\Desktop\Assignment1\SPLFLIX\source\Action.cpp(50): error C2259: 'LengthRecommenderUser': cannot instantiate abstract class
C:\Users\elikk\Desktop\Assignment1\SPLFLIX\source\Action.cpp(50): message : due to following members:
C:\Users\elikk\Desktop\Assignment1\SPLFLIX\source\Action.cpp(50): message : 'void User::duplicatMe(Session,std::string)': is abstract
C:\Users\elikk\Desktop\Assignment1\SPLFLIX\include\User.h(25): message : see declaration of 'User::duplicatMe'
C:\Users\elikk\Desktop\Assignment1\SPLFLIX\source\Action.cpp(50,34): error C2512: 'LengthRecommenderUser': no appropriate default constructor available
C:\Users\elikk\Desktop\Assignment1\SPLFLIX\include\User.h(36,7): message : see declaration of 'LengthRecommenderUser'
C:\Users\elikk\Desktop\Assignment1\SPLFLIX\source\Action.cpp(56): error C2259: 'RerunRecommenderUser': cannot instantiate abstract class
C:\Users\elikk\Desktop\Assignment1\SPLFLIX\source\Action.cpp(56): message : due to following members:
C:\Users\elikk\Desktop\Assignment1\SPLFLIX\source\Action.cpp(56): message : 'void User::duplicatMe(Session,std::string)': is abstract
C:\Users\elikk\Desktop\Assignment1\SPLFLIX\include\User.h(25): message : see declaration of 'User::duplicatMe'
C:\Users\elikk\Desktop\Assignment1\SPLFLIX\source\Action.cpp(56,33): error C2512: 'RerunRecommenderUser': no appropriate default constructor available
C:\Users\elikk\Desktop\Assignment1\SPLFLIX\include\User.h(44,7): message : see declaration of 'RerunRecommenderUser'
C:\Users\elikk\Desktop\Assignment1\SPLFLIX\source\Action.cpp(62): error C2259: 'GenreRecommenderUser': cannot instantiate abstract class
C:\Users\elikk\Desktop\Assignment1\SPLFLIX\source\Action.cpp(62): message : due to following members:
C:\Users\elikk\Desktop\Assignment1\SPLFLIX\source\Action.cpp(62): message : 'void User::duplicatMe(Session,std::string)': is abstract
C:\Users\elikk\Desktop\Assignment1\SPLFLIX\include\User.h(25): message : see declaration of 'User::duplicatMe'
C:\Users\elikk\Desktop\Assignment1\SPLFLIX\source\Action.cpp(62,33): error C2512: 'GenreRecommenderUser': no appropriate default constructor available
C:\Users\elikk\Desktop\Assignment1\SPLFLIX\include\User.h(53,7): message : see declaration of 'GenreRecommenderUser'
C:\Users\elikk\Desktop\Assignment1\SPLFLIX\source\Action.cpp(158,20): warning C4018: '<': signed/unsigned mismatch
  Main.cpp
C:\Users\elikk\Desktop\Assignment1\SPLFLIX\source\Action.cpp(174,19): warning C4018: '<': signed/unsigned mismatch
C:\Users\elikk\Desktop\Assignment1\SPLFLIX\include\Session.h(31,16): error C3646: 'command': unknown override specifier
  Session.cpp
C:\Users\elikk\Desktop\Assignment1\SPLFLIX\include\Session.h(31,16): error C4430: missing type specifier - int assumed. Note: C++ does not support default-int
C:\Users\elikk\Desktop\Assignment1\SPLFLIX\include\Session.h(31,16): error C3646: 'command': unknown override specifier
C:\Users\elikk\Desktop\Assignment1\SPLFLIX\include\Session.h(31,16): error C4430: missing type specifier - int assumed. Note: C++ does not support default-int
C:\Users\elikk\Desktop\Assignment1\SPLFLIX\include\User.h(40,44): error C2061: syntax error: identifier 'string'
C:\Users\elikk\Desktop\Assignment1\SPLFLIX\include\User.h(48,44): error C2061: syntax error: identifier 'string'
C:\Users\elikk\Desktop\Assignment1\SPLFLIX\include\User.h(57,44): error C2061: syntax error: identifier 'string'
C:\Users\elikk\Desktop\Assignment1\SPLFLIX\source\Session.cpp(9,18): error C2061: syntax error: identifier 'json'
C:\Users\elikk\Desktop\Assignment1\SPLFLIX\source\Session.cpp(15,2): error C2065: 'json': undeclared identifier
C:\Users\elikk\Desktop\Assignment1\SPLFLIX\source\Session.cpp(15,7): error C2146: syntax error: missing ';' before identifier 'j'
C:\Users\elikk\Desktop\Assignment1\SPLFLIX\source\Session.cpp(15,7): error C2065: 'j': undeclared identifier
C:\Users\elikk\Desktop\Assignment1\SPLFLIX\source\Session.cpp(16,7): error C2065: 'j': undeclared identifier
C:\Users\elikk\Desktop\Assignment1\SPLFLIX\source\Session.cpp(24,9): error C2065: 'command': undeclared identifier
C:\Users\elikk\Desktop\Assignment1\SPLFLIX\source\Session.cpp(29): error C2259: 'LengthRecommenderUser': cannot instantiate abstract class
C:\Users\elikk\Desktop\Assignment1\SPLFLIX\source\Session.cpp(29): message : due to following members:
C:\Users\elikk\Desktop\Assignment1\SPLFLIX\source\Session.cpp(29): message : 'void User::duplicatMe(Session,std::string)': is abstract
C:\Users\elikk\Desktop\Assignment1\SPLFLIX\include\User.h(25): message : see declaration of 'User::duplicatMe'
C:\Users\elikk\Desktop\Assignment1\SPLFLIX\source\Session.cpp(31,9): error C2065: 'command': undeclared identifier
C:\Users\elikk\Desktop\Assignment1\SPLFLIX\source\Session.cpp(33,10): error C2065: 'command': undeclared identifier
C:\Users\elikk\Desktop\Assignment1\SPLFLIX\source\Session.cpp(34,22): error C2065: 'command': undeclared identifier
  user.cpp
C:\Users\elikk\Desktop\Assignment1\SPLFLIX\source\Session.cpp(34,40): error C2065: 'command': undeclared identifier
C:\Users\elikk\Desktop\Assignment1\SPLFLIX\Include\User.h(40,44): error C2061: syntax error: identifier 'string'
C:\Users\elikk\Desktop\Assignment1\SPLFLIX\Include\User.h(48,44): error C2061: syntax error: identifier 'string'
C:\Users\elikk\Desktop\Assignment1\SPLFLIX\Include\User.h(57,44): error C2061: syntax error: identifier 'string'
C:\Users\elikk\Desktop\Assignment1\SPLFLIX\include\Session.h(31,16): error C3646: 'command': unknown override specifier
C:\Users\elikk\Desktop\Assignment1\SPLFLIX\include\Session.h(31,16): error C4430: missing type specifier - int assumed. Note: C++ does not support default-int
C:\Users\elikk\Desktop\Assignment1\SPLFLIX\source\user.cpp(38,20): warning C4018: '<': signed/unsigned mismatch
C:\Users\elikk\Desktop\Assignment1\SPLFLIX\source\user.cpp(82,1): error C2511: 'void LengthRecommenderUser::duplicatMe(Session,std::string)': overloaded member function not found in 'LengthRecommenderUser'
C:\Users\elikk\Desktop\Assignment1\SPLFLIX\Include\User.h(36): message : see declaration of 'LengthRecommenderUser'
C:\Users\elikk\Desktop\Assignment1\SPLFLIX\source\user.cpp(83): error C2259: 'LengthRecommenderUser': cannot instantiate abstract class
C:\Users\elikk\Desktop\Assignment1\SPLFLIX\source\user.cpp(83): message : due to following members:
C:\Users\elikk\Desktop\Assignment1\SPLFLIX\source\user.cpp(83): message : 'void User::duplicatMe(Session,std::string)': is abstract
C:\Users\elikk\Desktop\Assignment1\SPLFLIX\Include\User.h(25): message : see declaration of 'User::duplicatMe'
C:\Users\elikk\Desktop\Assignment1\SPLFLIX\source\user.cpp(84,28): error C2597: illegal reference to non-static member 'User::history'
C:\Users\elikk\Desktop\Assignment1\SPLFLIX\source\user.cpp(99,9): warning C4018: '<': signed/unsigned mismatch
C:\Users\elikk\Desktop\Assignment1\SPLFLIX\source\user.cpp(108,1): error C2511: 'void RerunRecommenderUser::duplicatMe(Session,std::string)': overloaded member function not found in 'RerunRecommenderUser'
C:\Users\elikk\Desktop\Assignment1\SPLFLIX\Include\User.h(44): message : see declaration of 'RerunRecommenderUser'
C:\Users\elikk\Desktop\Assignment1\SPLFLIX\source\user.cpp(109): error C2259: 'RerunRecommenderUser': cannot instantiate abstract class
C:\Users\elikk\Desktop\Assignment1\SPLFLIX\source\user.cpp(109): message : due to following members:
C:\Users\elikk\Desktop\Assignment1\SPLFLIX\source\user.cpp(109): message : 'void User::duplicatMe(Session,std::string)': is abstract
C:\Users\elikk\Desktop\Assignment1\SPLFLIX\Include\User.h(25): message : see declaration of 'User::duplicatMe'
C:\Users\elikk\Desktop\Assignment1\SPLFLIX\source\user.cpp(109,31): error C2512: 'RerunRecommenderUser': no appropriate default constructor available
C:\Users\elikk\Desktop\Assignment1\SPLFLIX\Include\User.h(44,7): message : see declaration of 'RerunRecommenderUser'
C:\Users\elikk\Desktop\Assignment1\SPLFLIX\source\user.cpp(110,28): error C2597: illegal reference to non-static member 'User::history'
C:\Users\elikk\Desktop\Assignment1\SPLFLIX\source\user.cpp(121,20): warning C4018: '<': signed/unsigned mismatch
C:\Users\elikk\Desktop\Assignment1\SPLFLIX\source\user.cpp(139,21): warning C4018: '<': signed/unsigned mismatch
C:\Users\elikk\Desktop\Assignment1\SPLFLIX\source\user.cpp(151,21): warning C4018: '<': signed/unsigned mismatch
C:\Users\elikk\Desktop\Assignment1\SPLFLIX\source\user.cpp(162,1): error C2511: 'void GenreRecommenderUser::duplicatMe(Session,std::string)': overloaded member function not found in 'GenreRecommenderUser'
C:\Users\elikk\Desktop\Assignment1\SPLFLIX\Include\User.h(53): message : see declaration of 'GenreRecommenderUser'
C:\Users\elikk\Desktop\Assignment1\SPLFLIX\source\user.cpp(163): error C2259: 'GenreRecommenderUser': cannot instantiate abstract class
C:\Users\elikk\Desktop\Assignment1\SPLFLIX\source\user.cpp(163): message : due to following members:
C:\Users\elikk\Desktop\Assignment1\SPLFLIX\source\user.cpp(163): message : 'void User::duplicatMe(Session,std::string)': is abstract
C:\Users\elikk\Desktop\Assignment1\SPLFLIX\Include\User.h(25): message : see declaration of 'User::duplicatMe'
C:\Users\elikk\Desktop\Assignment1\SPLFLIX\source\user.cpp(163,31): error C2512: 'GenreRecommenderUser': no appropriate default constructor available
C:\Users\elikk\Desktop\Assignment1\SPLFLIX\Include\User.h(53,7): message : see declaration of 'GenreRecommenderUser'
  Watchable.cpp
C:\Users\elikk\Desktop\Assignment1\SPLFLIX\source\user.cpp(164,28): error C2597: illegal reference to non-static member 'User::history'
C:\Users\elikk\Desktop\Assignment1\SPLFLIX\include\Session.h(31,16): error C3646: 'command': unknown override specifier
C:\Users\elikk\Desktop\Assignment1\SPLFLIX\include\Session.h(31,16): error C4430: missing type specifier - int assumed. Note: C++ does not support default-int
C:\Users\elikk\Desktop\Assignment1\SPLFLIX\include\User.h(40,44): error C2061: syntax error: identifier 'string'
C:\Users\elikk\Desktop\Assignment1\SPLFLIX\include\User.h(48,44): error C2061: syntax error: identifier 'string'
C:\Users\elikk\Desktop\Assignment1\SPLFLIX\include\User.h(57,44): error C2061: syntax error: identifier 'string'
C:\Users\elikk\Desktop\Assignment1\SPLFLIX\source\Watchable.cpp(56,20): warning C4018: '<': signed/unsigned mismatch
  Generating Code...
C:\Users\elikk\Desktop\Assignment1\SPLFLIX\source\Watchable.cpp(88,20): warning C4018: '<': signed/unsigned mismatch
